-- The C compiler identification is GNU 9.4.0
-- The CXX compiler identification is GNU 9.4.0
-- Check for working C compiler: /usr/bin/cc
-- Check for working C compiler: /usr/bin/cc -- works
-- Detecting C compiler ABI info
-- Detecting C compiler ABI info - done
-- Detecting C compile features
-- Detecting C compile features - done
-- Check for working CXX compiler: /usr/bin/c++
-- Check for working CXX compiler: /usr/bin/c++ -- works
-- Detecting CXX compiler ABI info
-- Detecting CXX compiler ABI info - done
-- Detecting CXX compile features
-- Detecting CXX compile features - done
-- Configuring done
-- Generating done
-- Build files have been written to: /home/nicola/advancedWallFollowing/build/com
[35m[1mScanning dependencies of target COMIntegration[0m
[ 50%] [32mBuilding CXX object CMakeFiles/COMIntegration.dir/COMIntegration.cpp.o[0m
[01m[K/home/nicola/advancedWallFollowing/Turtlebot3UnityROS2/Library/PackageCache/com.unity.ide.visualstudio@2.0.14/Editor/COMIntegration/COMIntegration~/COMIntegration.cpp:11:10:[m[K [01;31m[Kfatal error: [m[Kwindows.h: No such file or directory
   11 | #include [01;31m[K<windows.h>[m[K
      |          [01;31m[K^~~~~~~~~~~[m[K
compilation terminated.
make[2]: *** [CMakeFiles/COMIntegration.dir/build.make:63: CMakeFiles/COMIntegration.dir/COMIntegration.cpp.o] Error 1
make[1]: *** [CMakeFiles/Makefile2:76: CMakeFiles/COMIntegration.dir/all] Error 2
make: *** [Makefile:84: all] Error 2
