[0.916s] Invoking command in '/home/nicola/advancedWallFollowing/colcon_ws/src/advanced_wall_following': PYTHONPATH=/home/nicola/advancedWallFollowing/install/advanced_wall_following/lib/python3.8/site-packages:${PYTHONPATH} /usr/bin/python3 setup.py egg_info --egg-base ../../../build/advanced_wall_following build --build-base /home/nicola/advancedWallFollowing/build/advanced_wall_following/build install --prefix /home/nicola/advancedWallFollowing/install/advanced_wall_following --record /home/nicola/advancedWallFollowing/build/advanced_wall_following/install.log --single-version-externally-managed
[1.192s] running egg_info
[1.193s] creating ../../../build/advanced_wall_following/advanced_wall_following.egg-info
[1.193s] writing ../../../build/advanced_wall_following/advanced_wall_following.egg-info/PKG-INFO
[1.193s] writing dependency_links to ../../../build/advanced_wall_following/advanced_wall_following.egg-info/dependency_links.txt
[1.193s] writing entry points to ../../../build/advanced_wall_following/advanced_wall_following.egg-info/entry_points.txt
[1.193s] writing requirements to ../../../build/advanced_wall_following/advanced_wall_following.egg-info/requires.txt
[1.194s] writing top-level names to ../../../build/advanced_wall_following/advanced_wall_following.egg-info/top_level.txt
[1.195s] writing manifest file '../../../build/advanced_wall_following/advanced_wall_following.egg-info/SOURCES.txt'
[1.231s] reading manifest file '../../../build/advanced_wall_following/advanced_wall_following.egg-info/SOURCES.txt'
[1.232s] writing manifest file '../../../build/advanced_wall_following/advanced_wall_following.egg-info/SOURCES.txt'
[1.233s] running build
[1.233s] running build_py
[1.233s] creating /home/nicola/advancedWallFollowing/build/advanced_wall_following/build
[1.233s] creating /home/nicola/advancedWallFollowing/build/advanced_wall_following/build/lib
[1.233s] creating /home/nicola/advancedWallFollowing/build/advanced_wall_following/build/lib/advanced_wall_following
[1.233s] copying advanced_wall_following/__init__.py -> /home/nicola/advancedWallFollowing/build/advanced_wall_following/build/lib/advanced_wall_following
[1.233s] copying advanced_wall_following/helpers.py -> /home/nicola/advancedWallFollowing/build/advanced_wall_following/build/lib/advanced_wall_following
[1.233s] copying advanced_wall_following/advanced_wall_following.py -> /home/nicola/advancedWallFollowing/build/advanced_wall_following/build/lib/advanced_wall_following
[1.233s] running install
[1.234s] running install_lib
[1.235s] creating /home/nicola/advancedWallFollowing/install/advanced_wall_following/lib/python3.8/site-packages/advanced_wall_following
[1.235s] copying /home/nicola/advancedWallFollowing/build/advanced_wall_following/build/lib/advanced_wall_following/__init__.py -> /home/nicola/advancedWallFollowing/install/advanced_wall_following/lib/python3.8/site-packages/advanced_wall_following
[1.235s] copying /home/nicola/advancedWallFollowing/build/advanced_wall_following/build/lib/advanced_wall_following/helpers.py -> /home/nicola/advancedWallFollowing/install/advanced_wall_following/lib/python3.8/site-packages/advanced_wall_following
[1.235s] copying /home/nicola/advancedWallFollowing/build/advanced_wall_following/build/lib/advanced_wall_following/advanced_wall_following.py -> /home/nicola/advancedWallFollowing/install/advanced_wall_following/lib/python3.8/site-packages/advanced_wall_following
[1.236s] byte-compiling /home/nicola/advancedWallFollowing/install/advanced_wall_following/lib/python3.8/site-packages/advanced_wall_following/__init__.py to __init__.cpython-38.pyc
[1.237s] byte-compiling /home/nicola/advancedWallFollowing/install/advanced_wall_following/lib/python3.8/site-packages/advanced_wall_following/helpers.py to helpers.cpython-38.pyc
[1.238s] byte-compiling /home/nicola/advancedWallFollowing/install/advanced_wall_following/lib/python3.8/site-packages/advanced_wall_following/advanced_wall_following.py to advanced_wall_following.cpython-38.pyc
[1.240s] running install_data
[1.241s] creating /home/nicola/advancedWallFollowing/install/advanced_wall_following/share/ament_index
[1.241s] creating /home/nicola/advancedWallFollowing/install/advanced_wall_following/share/ament_index/resource_index
[1.241s] creating /home/nicola/advancedWallFollowing/install/advanced_wall_following/share/ament_index/resource_index/packages
[1.241s] copying resource/advanced_wall_following -> /home/nicola/advancedWallFollowing/install/advanced_wall_following/share/ament_index/resource_index/packages
[1.241s] copying package.xml -> /home/nicola/advancedWallFollowing/install/advanced_wall_following/share/advanced_wall_following
[1.242s] creating /home/nicola/advancedWallFollowing/install/advanced_wall_following/share/advanced_wall_following/launch
[1.242s] copying launch/awf.launch.py -> /home/nicola/advancedWallFollowing/install/advanced_wall_following/share/advanced_wall_following/launch
[1.242s] creating /home/nicola/advancedWallFollowing/install/advanced_wall_following/share/advanced_wall_following/rviz
[1.242s] copying rviz/AWF.rviz -> /home/nicola/advancedWallFollowing/install/advanced_wall_following/share/advanced_wall_following/rviz
[1.242s] running install_egg_info
[1.243s] Copying ../../../build/advanced_wall_following/advanced_wall_following.egg-info to /home/nicola/advancedWallFollowing/install/advanced_wall_following/lib/python3.8/site-packages/advanced_wall_following-0.0.0-py3.8.egg-info
[1.244s] running install_scripts
[1.263s] Installing advanced_wall_following script to /home/nicola/advancedWallFollowing/install/advanced_wall_following/lib/advanced_wall_following
[1.264s] writing list of installed files to '/home/nicola/advancedWallFollowing/build/advanced_wall_following/install.log'
[1.289s] Invoked command in '/home/nicola/advancedWallFollowing/colcon_ws/src/advanced_wall_following' returned '0': PYTHONPATH=/home/nicola/advancedWallFollowing/install/advanced_wall_following/lib/python3.8/site-packages:${PYTHONPATH} /usr/bin/python3 setup.py egg_info --egg-base ../../../build/advanced_wall_following build --build-base /home/nicola/advancedWallFollowing/build/advanced_wall_following/build install --prefix /home/nicola/advancedWallFollowing/install/advanced_wall_following --record /home/nicola/advancedWallFollowing/build/advanced_wall_following/install.log --single-version-externally-managed
