[0.351s] Invoking command in '/home/nicola/advancedWallFollowing/build/turtlebot3_description': CMAKE_PREFIX_PATH=/opt/ros/foxy /usr/bin/cmake /home/nicola/advancedWallFollowing/Turtlebot3UnityROS2/Assets/Model/Robot/turtlebot3/turtlebot3_description -DCMAKE_INSTALL_PREFIX=/home/nicola/advancedWallFollowing/install/turtlebot3_description
[1.366s] -- The C compiler identification is GNU 9.4.0
[2.140s] -- The CXX compiler identification is GNU 9.4.0
[2.266s] -- Check for working C compiler: /usr/bin/cc
[2.463s] -- Check for working C compiler: /usr/bin/cc -- works
[2.465s] -- Detecting C compiler ABI info
[2.575s] -- Detecting C compiler ABI info - done
[2.590s] -- Detecting C compile features
[2.603s] -- Detecting C compile features - done
[2.626s] -- Check for working CXX compiler: /usr/bin/c++
[2.721s] -- Check for working CXX compiler: /usr/bin/c++ -- works
[2.722s] -- Detecting CXX compiler ABI info
[2.815s] -- Detecting CXX compiler ABI info - done
[2.829s] -- Detecting CXX compile features
[2.830s] -- Detecting CXX compile features - done
[2.907s] -- Found ament_cmake: 0.9.9 (/opt/ros/foxy/share/ament_cmake/cmake)
[2.993s] -- Found PythonInterp: /usr/bin/python3 (found suitable version "3.8.10", minimum required is "3") 
[2.994s] -- Using PYTHON_EXECUTABLE: /usr/bin/python3
[4.679s] -- Found urdf: 2.4.0 (/opt/ros/foxy/share/urdf/cmake)
[5.269s] -- Found ament_lint_auto: 0.9.6 (/opt/ros/foxy/share/ament_lint_auto/cmake)
[5.653s] -- Configuring done
[5.661s] -- Generating done
[5.665s] -- Build files have been written to: /home/nicola/advancedWallFollowing/build/turtlebot3_description
[5.679s] Invoked command in '/home/nicola/advancedWallFollowing/build/turtlebot3_description' returned '0': CMAKE_PREFIX_PATH=/opt/ros/foxy /usr/bin/cmake /home/nicola/advancedWallFollowing/Turtlebot3UnityROS2/Assets/Model/Robot/turtlebot3/turtlebot3_description -DCMAKE_INSTALL_PREFIX=/home/nicola/advancedWallFollowing/install/turtlebot3_description
[5.681s] Invoking command in '/home/nicola/advancedWallFollowing/build/turtlebot3_description': CMAKE_PREFIX_PATH=/opt/ros/foxy /usr/bin/cmake --build /home/nicola/advancedWallFollowing/build/turtlebot3_description -- -j8 -l8
[5.746s] Invoked command in '/home/nicola/advancedWallFollowing/build/turtlebot3_description' returned '0': CMAKE_PREFIX_PATH=/opt/ros/foxy /usr/bin/cmake --build /home/nicola/advancedWallFollowing/build/turtlebot3_description -- -j8 -l8
[5.786s] Invoking command in '/home/nicola/advancedWallFollowing/build/turtlebot3_description': CMAKE_PREFIX_PATH=/opt/ros/foxy /usr/bin/cmake --install /home/nicola/advancedWallFollowing/build/turtlebot3_description
[5.796s] -- Install configuration: ""
[5.796s] -- Installing: /home/nicola/advancedWallFollowing/install/turtlebot3_description/share/turtlebot3_description/meshes
[5.796s] -- Installing: /home/nicola/advancedWallFollowing/install/turtlebot3_description/share/turtlebot3_description/meshes/bases.meta
[5.808s] -- Installing: /home/nicola/advancedWallFollowing/install/turtlebot3_description/share/turtlebot3_description/meshes/bases
[5.809s] -- Installing: /home/nicola/advancedWallFollowing/install/turtlebot3_description/share/turtlebot3_description/meshes/bases/burger_base.stl
[6.309s] -- Installing: /home/nicola/advancedWallFollowing/install/turtlebot3_description/share/turtlebot3_description/meshes/bases/burger_base_2.asset.meta
[6.330s] -- Installing: /home/nicola/advancedWallFollowing/install/turtlebot3_description/share/turtlebot3_description/meshes/bases/waffle_pi_base_0.asset.meta
[6.352s] -- Installing: /home/nicola/advancedWallFollowing/install/turtlebot3_description/share/turtlebot3_description/meshes/bases/waffle_pi_base_5.asset.meta
[6.371s] -- Installing: /home/nicola/advancedWallFollowing/install/turtlebot3_description/share/turtlebot3_description/meshes/bases/burger_base_0.asset
[6.384s] -- Installing: /home/nicola/advancedWallFollowing/install/turtlebot3_description/share/turtlebot3_description/meshes/bases/waffle_base_7.asset
[6.540s] -- Installing: /home/nicola/advancedWallFollowing/install/turtlebot3_description/share/turtlebot3_description/meshes/bases/burger_base_4.asset
[6.545s] -- Installing: /home/nicola/advancedWallFollowing/install/turtlebot3_description/share/turtlebot3_description/meshes/bases/waffle_base.prefab
[6.555s] -- Installing: /home/nicola/advancedWallFollowing/install/turtlebot3_description/share/turtlebot3_description/meshes/bases/burger_base_4.asset.meta
[6.561s] -- Installing: /home/nicola/advancedWallFollowing/install/turtlebot3_description/share/turtlebot3_description/meshes/bases/waffle_base_14.asset
[6.615s] -- Installing: /home/nicola/advancedWallFollowing/install/turtlebot3_description/share/turtlebot3_description/meshes/bases/burger_base.prefab
[6.628s] -- Installing: /home/nicola/advancedWallFollowing/install/turtlebot3_description/share/turtlebot3_description/meshes/bases/burger_base.stl.meta
[6.640s] -- Installing: /home/nicola/advancedWallFollowing/install/turtlebot3_description/share/turtlebot3_description/meshes/bases/waffle_base_3.asset.meta
[6.640s] -- Installing: /home/nicola/advancedWallFollowing/install/turtlebot3_description/share/turtlebot3_description/meshes/bases/waffle_base_8.asset
[6.706s] -- Installing: /home/nicola/advancedWallFollowing/install/turtlebot3_description/share/turtlebot3_description/meshes/bases/waffle_pi_base_4.asset.meta
[6.715s] -- Installing: /home/nicola/advancedWallFollowing/install/turtlebot3_description/share/turtlebot3_description/meshes/bases/waffle_pi_base_3.asset.meta
[6.726s] -- Installing: /home/nicola/advancedWallFollowing/install/turtlebot3_description/share/turtlebot3_description/meshes/bases/waffle_pi_base_2.asset
[6.786s] -- Installing: /home/nicola/advancedWallFollowing/install/turtlebot3_description/share/turtlebot3_description/meshes/bases/burger_base_3.asset
[6.799s] -- Installing: /home/nicola/advancedWallFollowing/install/turtlebot3_description/share/turtlebot3_description/meshes/bases/waffle_base_4.asset.meta
[6.800s] -- Installing: /home/nicola/advancedWallFollowing/install/turtlebot3_description/share/turtlebot3_description/meshes/bases/waffle_base_8.asset.meta
[6.800s] -- Installing: /home/nicola/advancedWallFollowing/install/turtlebot3_description/share/turtlebot3_description/meshes/bases/waffle_base_9.asset
[6.855s] -- Installing: /home/nicola/advancedWallFollowing/install/turtlebot3_description/share/turtlebot3_description/meshes/bases/burger_base.prefab.meta
[6.856s] -- Installing: /home/nicola/advancedWallFollowing/install/turtlebot3_description/share/turtlebot3_description/meshes/bases/waffle_base_2.asset.meta
[6.857s] -- Installing: /home/nicola/advancedWallFollowing/install/turtlebot3_description/share/turtlebot3_description/meshes/bases/waffle_pi_base_0.asset
[6.916s] -- Installing: /home/nicola/advancedWallFollowing/install/turtlebot3_description/share/turtlebot3_description/meshes/bases/waffle_base_6.asset.meta
[6.916s] -- Installing: /home/nicola/advancedWallFollowing/install/turtlebot3_description/share/turtlebot3_description/meshes/bases/waffle_pi_base.prefab.meta
[6.917s] -- Installing: /home/nicola/advancedWallFollowing/install/turtlebot3_description/share/turtlebot3_description/meshes/bases/waffle_base_2.asset
[6.971s] -- Installing: /home/nicola/advancedWallFollowing/install/turtlebot3_description/share/turtlebot3_description/meshes/bases/waffle_base_10.asset
[7.025s] -- Installing: /home/nicola/advancedWallFollowing/install/turtlebot3_description/share/turtlebot3_description/meshes/bases/burger_base_1.asset.meta
[7.026s] -- Installing: /home/nicola/advancedWallFollowing/install/turtlebot3_description/share/turtlebot3_description/meshes/bases/waffle_pi_base.stl
[7.153s] -- Installing: /home/nicola/advancedWallFollowing/install/turtlebot3_description/share/turtlebot3_description/meshes/bases/waffle_base_10.asset.meta
[7.164s] -- Installing: /home/nicola/advancedWallFollowing/install/turtlebot3_description/share/turtlebot3_description/meshes/bases/waffle_base_4.asset
[7.220s] -- Installing: /home/nicola/advancedWallFollowing/install/turtlebot3_description/share/turtlebot3_description/meshes/bases/waffle_base.stl
[7.478s] -- Installing: /home/nicola/advancedWallFollowing/install/turtlebot3_description/share/turtlebot3_description/meshes/bases/waffle_base_1.asset.meta
[7.490s] -- Installing: /home/nicola/advancedWallFollowing/install/turtlebot3_description/share/turtlebot3_description/meshes/bases/waffle_base_13.asset.meta
[7.491s] -- Installing: /home/nicola/advancedWallFollowing/install/turtlebot3_description/share/turtlebot3_description/meshes/bases/waffle_base_0.asset
[7.555s] -- Installing: /home/nicola/advancedWallFollowing/install/turtlebot3_description/share/turtlebot3_description/meshes/bases/waffle_pi_base_7.asset
[7.574s] -- Installing: /home/nicola/advancedWallFollowing/install/turtlebot3_description/share/turtlebot3_description/meshes/bases/waffle_base_6.asset
[7.631s] -- Installing: /home/nicola/advancedWallFollowing/install/turtlebot3_description/share/turtlebot3_description/meshes/bases/waffle_pi_base_7.asset.meta
[7.645s] -- Installing: /home/nicola/advancedWallFollowing/install/turtlebot3_description/share/turtlebot3_description/meshes/bases/waffle_base_3.asset
[7.705s] -- Installing: /home/nicola/advancedWallFollowing/install/turtlebot3_description/share/turtlebot3_description/meshes/bases/waffle_base_11.asset
[7.756s] -- Installing: /home/nicola/advancedWallFollowing/install/turtlebot3_description/share/turtlebot3_description/meshes/bases/waffle_base_9.asset.meta
[7.769s] -- Installing: /home/nicola/advancedWallFollowing/install/turtlebot3_description/share/turtlebot3_description/meshes/bases/waffle_pi_base_4.asset
[7.834s] -- Installing: /home/nicola/advancedWallFollowing/install/turtlebot3_description/share/turtlebot3_description/meshes/bases/waffle_base_13.asset
[7.896s] -- Installing: /home/nicola/advancedWallFollowing/install/turtlebot3_description/share/turtlebot3_description/meshes/bases/waffle_base_5.asset.meta
[7.913s] -- Installing: /home/nicola/advancedWallFollowing/install/turtlebot3_description/share/turtlebot3_description/meshes/bases/waffle_pi_base_6.asset
[7.976s] -- Installing: /home/nicola/advancedWallFollowing/install/turtlebot3_description/share/turtlebot3_description/meshes/bases/waffle_pi_base_3.asset
[8.033s] -- Installing: /home/nicola/advancedWallFollowing/install/turtlebot3_description/share/turtlebot3_description/meshes/bases/waffle_base.stl.meta
[8.050s] -- Installing: /home/nicola/advancedWallFollowing/install/turtlebot3_description/share/turtlebot3_description/meshes/bases/burger_base_3.asset.meta
[8.057s] -- Installing: /home/nicola/advancedWallFollowing/install/turtlebot3_description/share/turtlebot3_description/meshes/bases/waffle_base_11.asset.meta
[8.057s] -- Installing: /home/nicola/advancedWallFollowing/install/turtlebot3_description/share/turtlebot3_description/meshes/bases/waffle_pi_base_1.asset
[8.117s] -- Installing: /home/nicola/advancedWallFollowing/install/turtlebot3_description/share/turtlebot3_description/meshes/bases/waffle_base_7.asset.meta
[8.117s] -- Installing: /home/nicola/advancedWallFollowing/install/turtlebot3_description/share/turtlebot3_description/meshes/bases/waffle_pi_base.prefab
[8.132s] -- Installing: /home/nicola/advancedWallFollowing/install/turtlebot3_description/share/turtlebot3_description/meshes/bases/waffle_base.prefab.meta
[8.139s] -- Installing: /home/nicola/advancedWallFollowing/install/turtlebot3_description/share/turtlebot3_description/meshes/bases/waffle_base_12.asset
[8.192s] -- Installing: /home/nicola/advancedWallFollowing/install/turtlebot3_description/share/turtlebot3_description/meshes/bases/burger_base_1.asset
[8.205s] -- Installing: /home/nicola/advancedWallFollowing/install/turtlebot3_description/share/turtlebot3_description/meshes/bases/waffle_pi_base.stl.meta
[8.205s] -- Installing: /home/nicola/advancedWallFollowing/install/turtlebot3_description/share/turtlebot3_description/meshes/bases/burger_base_0.asset.meta
[8.223s] -- Installing: /home/nicola/advancedWallFollowing/install/turtlebot3_description/share/turtlebot3_description/meshes/bases/waffle_base_1.asset
[8.285s] -- Installing: /home/nicola/advancedWallFollowing/install/turtlebot3_description/share/turtlebot3_description/meshes/bases/waffle_base_14.asset.meta
[8.285s] -- Installing: /home/nicola/advancedWallFollowing/install/turtlebot3_description/share/turtlebot3_description/meshes/bases/burger_base_2.asset
[8.297s] -- Installing: /home/nicola/advancedWallFollowing/install/turtlebot3_description/share/turtlebot3_description/meshes/bases/waffle_pi_base_6.asset.meta
[8.297s] -- Installing: /home/nicola/advancedWallFollowing/install/turtlebot3_description/share/turtlebot3_description/meshes/bases/waffle_base_12.asset.meta
[8.298s] -- Installing: /home/nicola/advancedWallFollowing/install/turtlebot3_description/share/turtlebot3_description/meshes/bases/waffle_pi_base_1.asset.meta
[8.311s] -- Installing: /home/nicola/advancedWallFollowing/install/turtlebot3_description/share/turtlebot3_description/meshes/bases/waffle_base_5.asset
[8.374s] -- Installing: /home/nicola/advancedWallFollowing/install/turtlebot3_description/share/turtlebot3_description/meshes/bases/waffle_pi_base_5.asset
[8.438s] -- Installing: /home/nicola/advancedWallFollowing/install/turtlebot3_description/share/turtlebot3_description/meshes/bases/waffle_pi_base_2.asset.meta
[8.439s] -- Installing: /home/nicola/advancedWallFollowing/install/turtlebot3_description/share/turtlebot3_description/meshes/bases/waffle_base_0.asset.meta
[8.439s] -- Installing: /home/nicola/advancedWallFollowing/install/turtlebot3_description/share/turtlebot3_description/meshes/sensors
[8.440s] -- Installing: /home/nicola/advancedWallFollowing/install/turtlebot3_description/share/turtlebot3_description/meshes/sensors/lds_0.asset
[8.448s] -- Installing: /home/nicola/advancedWallFollowing/install/turtlebot3_description/share/turtlebot3_description/meshes/sensors/r200.jpg.meta
[8.459s] -- Installing: /home/nicola/advancedWallFollowing/install/turtlebot3_description/share/turtlebot3_description/meshes/sensors/astra.jpg
[8.460s] -- Installing: /home/nicola/advancedWallFollowing/install/turtlebot3_description/share/turtlebot3_description/meshes/sensors/lds_0.asset.meta
[8.470s] -- Installing: /home/nicola/advancedWallFollowing/install/turtlebot3_description/share/turtlebot3_description/meshes/sensors/astra.jpg.meta
[8.471s] -- Installing: /home/nicola/advancedWallFollowing/install/turtlebot3_description/share/turtlebot3_description/meshes/sensors/lds.prefab.meta
[8.472s] -- Installing: /home/nicola/advancedWallFollowing/install/turtlebot3_description/share/turtlebot3_description/meshes/sensors/lds.stl.meta
[8.473s] -- Installing: /home/nicola/advancedWallFollowing/install/turtlebot3_description/share/turtlebot3_description/meshes/sensors/astra.dae.meta
[8.473s] -- Installing: /home/nicola/advancedWallFollowing/install/turtlebot3_description/share/turtlebot3_description/meshes/sensors/astra.dae
[8.620s] -- Installing: /home/nicola/advancedWallFollowing/install/turtlebot3_description/share/turtlebot3_description/meshes/sensors/lds.prefab
[8.621s] -- Installing: /home/nicola/advancedWallFollowing/install/turtlebot3_description/share/turtlebot3_description/meshes/sensors/r200.dae.meta
[8.636s] -- Installing: /home/nicola/advancedWallFollowing/install/turtlebot3_description/share/turtlebot3_description/meshes/sensors/r200.dae
[8.647s] -- Installing: /home/nicola/advancedWallFollowing/install/turtlebot3_description/share/turtlebot3_description/meshes/sensors/r200.jpg
[8.648s] -- Installing: /home/nicola/advancedWallFollowing/install/turtlebot3_description/share/turtlebot3_description/meshes/sensors/lds.stl
[8.666s] -- Installing: /home/nicola/advancedWallFollowing/install/turtlebot3_description/share/turtlebot3_description/meshes/sensors.meta
[8.667s] -- Installing: /home/nicola/advancedWallFollowing/install/turtlebot3_description/share/turtlebot3_description/meshes/wheels
[8.668s] -- Installing: /home/nicola/advancedWallFollowing/install/turtlebot3_description/share/turtlebot3_description/meshes/wheels/left_tire_0.asset.meta
[8.668s] -- Installing: /home/nicola/advancedWallFollowing/install/turtlebot3_description/share/turtlebot3_description/meshes/wheels/left_tire.stl
[8.691s] -- Installing: /home/nicola/advancedWallFollowing/install/turtlebot3_description/share/turtlebot3_description/meshes/wheels/left_tire.prefab
[8.691s] -- Installing: /home/nicola/advancedWallFollowing/install/turtlebot3_description/share/turtlebot3_description/meshes/wheels/right_tire.prefab.meta
[8.692s] -- Installing: /home/nicola/advancedWallFollowing/install/turtlebot3_description/share/turtlebot3_description/meshes/wheels/right_tire_0.asset.meta
[8.692s] -- Installing: /home/nicola/advancedWallFollowing/install/turtlebot3_description/share/turtlebot3_description/meshes/wheels/right_tire_0.asset
[8.705s] -- Installing: /home/nicola/advancedWallFollowing/install/turtlebot3_description/share/turtlebot3_description/meshes/wheels/right_tire.prefab
[8.706s] -- Installing: /home/nicola/advancedWallFollowing/install/turtlebot3_description/share/turtlebot3_description/meshes/wheels/left_tire.prefab.meta
[8.706s] -- Installing: /home/nicola/advancedWallFollowing/install/turtlebot3_description/share/turtlebot3_description/meshes/wheels/left_tire_0.asset
[8.715s] -- Installing: /home/nicola/advancedWallFollowing/install/turtlebot3_description/share/turtlebot3_description/meshes/wheels/right_tire.stl
[8.747s] -- Installing: /home/nicola/advancedWallFollowing/install/turtlebot3_description/share/turtlebot3_description/meshes/wheels/right_tire.stl.meta
[8.747s] -- Installing: /home/nicola/advancedWallFollowing/install/turtlebot3_description/share/turtlebot3_description/meshes/wheels/left_tire.stl.meta
[8.748s] -- Installing: /home/nicola/advancedWallFollowing/install/turtlebot3_description/share/turtlebot3_description/meshes/wheels.meta
[8.749s] CMake Error at cmake_install.cmake:41 (file):
[8.749s]   file INSTALL cannot find
[8.750s]   "/home/nicola/advancedWallFollowing/Turtlebot3UnityROS2/Assets/Model/Robot/turtlebot3/turtlebot3_description/rviz":
[8.750s]   No such file or directory.
[8.750s] 
[8.751s] 
